{"/home/aqeel/mini-task-tracker/src/app.ts": {"path":"/home/aqeel/mini-task-tracker/src/app.ts","statementMap":{"0":{"start":{"line":7,"column":25},"end":{"line":7,"column":34}},"1":{"start":{"line":9,"column":0},"end":{"line":9,"column":null}},"2":{"start":{"line":10,"column":0},"end":{"line":10,"column":null}},"3":{"start":{"line":12,"column":0},"end":{"line":12,"column":33}},"4":{"start":{"line":13,"column":0},"end":{"line":13,"column":null}},"5":{"start":{"line":13,"column":29},"end":{"line":13,"column":48}},"6":{"start":{"line":14,"column":0},"end":{"line":14,"column":null}},"7":{"start":{"line":15,"column":0},"end":{"line":19,"column":3}},"8":{"start":{"line":16,"column":2},"end":{"line":16,"column":52}},"9":{"start":{"line":17,"column":2},"end":{"line":17,"column":44}},"10":{"start":{"line":18,"column":2},"end":{"line":18,"column":48}}},"fnMap":{"0":{"name":"(anonymous_0)","decl":{"start":{"line":13,"column":18},"end":{"line":13,"column":19}},"loc":{"start":{"line":13,"column":29},"end":{"line":13,"column":48}}},"1":{"name":"(anonymous_1)","decl":{"start":{"line":15,"column":8},"end":{"line":15,"column":9}},"loc":{"start":{"line":15,"column":52},"end":{"line":19,"column":1}}}},"branchMap":{},"s":{"0":2,"1":2,"2":2,"3":2,"4":2,"5":0,"6":2,"7":2,"8":0,"9":0,"10":0},"f":{"0":0,"1":0},"b":{}}
,"/home/aqeel/mini-task-tracker/src/controllers/auth.controller.ts": {"path":"/home/aqeel/mini-task-tracker/src/controllers/auth.controller.ts","statementMap":{"0":{"start":{"line":4,"column":31},"end":{"line":13,"column":1}},"1":{"start":{"line":5,"column":2},"end":{"line":12,"column":3}},"2":{"start":{"line":6,"column":28},"end":{"line":6,"column":64}},"3":{"start":{"line":7,"column":4},"end":{"line":7,"column":49}},"4":{"start":{"line":10,"column":6},"end":{"line":10,"column":60}},"5":{"start":{"line":11,"column":4},"end":{"line":11,"column":45}},"6":{"start":{"line":15,"column":28},"end":{"line":26,"column":1}},"7":{"start":{"line":16,"column":2},"end":{"line":25,"column":3}},"8":{"start":{"line":17,"column":32},"end":{"line":17,"column":40}},"9":{"start":{"line":18,"column":28},"end":{"line":18,"column":68}},"10":{"start":{"line":20,"column":4},"end":{"line":20,"column":49}},"11":{"start":{"line":23,"column":6},"end":{"line":23,"column":60}},"12":{"start":{"line":24,"column":4},"end":{"line":24,"column":45}}},"fnMap":{"0":{"name":"(anonymous_0)","decl":{"start":{"line":4,"column":31},"end":{"line":4,"column":36}},"loc":{"start":{"line":4,"column":69},"end":{"line":13,"column":1}}},"1":{"name":"(anonymous_1)","decl":{"start":{"line":15,"column":28},"end":{"line":15,"column":33}},"loc":{"start":{"line":15,"column":66},"end":{"line":26,"column":1}}}},"branchMap":{"0":{"loc":{"start":{"line":10,"column":6},"end":{"line":10,"column":60}},"type":"cond-expr","locations":[{"start":{"line":10,"column":27},"end":{"line":10,"column":36}},{"start":{"line":10,"column":39},"end":{"line":10,"column":60}}]},"1":{"loc":{"start":{"line":23,"column":6},"end":{"line":23,"column":60}},"type":"cond-expr","locations":[{"start":{"line":23,"column":27},"end":{"line":23,"column":36}},{"start":{"line":23,"column":39},"end":{"line":23,"column":60}}]}},"s":{"0":2,"1":9,"2":9,"3":9,"4":0,"5":0,"6":2,"7":9,"8":9,"9":9,"10":9,"11":0,"12":0},"f":{"0":9,"1":9},"b":{"0":[0,0],"1":[0,0]}}
,"/home/aqeel/mini-task-tracker/src/controllers/task.controller.ts": {"path":"/home/aqeel/mini-task-tracker/src/controllers/task.controller.ts","statementMap":{"0":{"start":{"line":5,"column":33},"end":{"line":19,"column":1}},"1":{"start":{"line":9,"column":2},"end":{"line":18,"column":3}},"2":{"start":{"line":11,"column":19},"end":{"line":11,"column":32}},"3":{"start":{"line":13,"column":17},"end":{"line":13,"column":70}},"4":{"start":{"line":15,"column":4},"end":{"line":15,"column":38}},"5":{"start":{"line":17,"column":4},"end":{"line":17,"column":43}},"6":{"start":{"line":21,"column":31},"end":{"line":36,"column":1}},"7":{"start":{"line":22,"column":2},"end":{"line":35,"column":3}},"8":{"start":{"line":23,"column":19},"end":{"line":23,"column":32}},"9":{"start":{"line":25,"column":25},"end":{"line":25,"column":27}},"10":{"start":{"line":26,"column":4},"end":{"line":28,"column":5}},"11":{"start":{"line":27,"column":6},"end":{"line":27,"column":40}},"12":{"start":{"line":30,"column":18},"end":{"line":30,"column":61}},"13":{"start":{"line":32,"column":4},"end":{"line":32,"column":39}},"14":{"start":{"line":34,"column":4},"end":{"line":34,"column":43}},"15":{"start":{"line":38,"column":33},"end":{"line":56,"column":1}},"16":{"start":{"line":42,"column":2},"end":{"line":55,"column":3}},"17":{"start":{"line":43,"column":19},"end":{"line":43,"column":32}},"18":{"start":{"line":44,"column":19},"end":{"line":44,"column":32}},"19":{"start":{"line":46,"column":24},"end":{"line":46,"column":85}},"20":{"start":{"line":48,"column":4},"end":{"line":50,"column":5}},"21":{"start":{"line":49,"column":6},"end":{"line":49,"column":52}},"22":{"start":{"line":52,"column":4},"end":{"line":52,"column":45}},"23":{"start":{"line":54,"column":4},"end":{"line":54,"column":43}},"24":{"start":{"line":58,"column":33},"end":{"line":73,"column":1}},"25":{"start":{"line":59,"column":2},"end":{"line":72,"column":3}},"26":{"start":{"line":60,"column":19},"end":{"line":60,"column":32}},"27":{"start":{"line":61,"column":19},"end":{"line":61,"column":32}},"28":{"start":{"line":63,"column":20},"end":{"line":63,"column":64}},"29":{"start":{"line":65,"column":4},"end":{"line":67,"column":5}},"30":{"start":{"line":66,"column":6},"end":{"line":66,"column":52}},"31":{"start":{"line":69,"column":4},"end":{"line":69,"column":31}},"32":{"start":{"line":71,"column":4},"end":{"line":71,"column":43}}},"fnMap":{"0":{"name":"(anonymous_0)","decl":{"start":{"line":5,"column":33},"end":{"line":5,"column":38}},"loc":{"start":{"line":8,"column":4},"end":{"line":19,"column":1}}},"1":{"name":"(anonymous_1)","decl":{"start":{"line":21,"column":31},"end":{"line":21,"column":36}},"loc":{"start":{"line":21,"column":69},"end":{"line":36,"column":1}}},"2":{"name":"(anonymous_2)","decl":{"start":{"line":38,"column":33},"end":{"line":38,"column":38}},"loc":{"start":{"line":41,"column":4},"end":{"line":56,"column":1}}},"3":{"name":"(anonymous_3)","decl":{"start":{"line":58,"column":33},"end":{"line":58,"column":38}},"loc":{"start":{"line":58,"column":87},"end":{"line":73,"column":1}}}},"branchMap":{"0":{"loc":{"start":{"line":26,"column":4},"end":{"line":28,"column":5}},"type":"if","locations":[{"start":{"line":26,"column":4},"end":{"line":28,"column":5}},{"start":{},"end":{}}]},"1":{"loc":{"start":{"line":48,"column":4},"end":{"line":50,"column":5}},"type":"if","locations":[{"start":{"line":48,"column":4},"end":{"line":50,"column":5}},{"start":{},"end":{}}]},"2":{"loc":{"start":{"line":65,"column":4},"end":{"line":67,"column":5}},"type":"if","locations":[{"start":{"line":65,"column":4},"end":{"line":67,"column":5}},{"start":{},"end":{}}]}},"s":{"0":2,"1":10,"2":10,"3":10,"4":10,"5":0,"6":2,"7":3,"8":3,"9":3,"10":3,"11":1,"12":3,"13":3,"14":0,"15":2,"16":3,"17":3,"18":3,"19":3,"20":3,"21":0,"22":3,"23":0,"24":2,"25":2,"26":2,"27":2,"28":2,"29":2,"30":0,"31":2,"32":0},"f":{"0":10,"1":3,"2":3,"3":2},"b":{"0":[1,2],"1":[0,3],"2":[0,2]}}
,"/home/aqeel/mini-task-tracker/src/middlewares/requireUser.ts": {"path":"/home/aqeel/mini-task-tracker/src/middlewares/requireUser.ts","statementMap":{"0":{"start":{"line":5,"column":20},"end":{"line":35,"column":1}},"1":{"start":{"line":6,"column":21},"end":{"line":6,"column":46}},"2":{"start":{"line":8,"column":2},"end":{"line":10,"column":3}},"3":{"start":{"line":9,"column":4},"end":{"line":9,"column":64}},"4":{"start":{"line":12,"column":16},"end":{"line":12,"column":40}},"5":{"start":{"line":14,"column":2},"end":{"line":16,"column":3}},"6":{"start":{"line":15,"column":4},"end":{"line":15,"column":63}},"7":{"start":{"line":18,"column":2},"end":{"line":21,"column":3}},"8":{"start":{"line":19,"column":4},"end":{"line":19,"column":70}},"9":{"start":{"line":20,"column":4},"end":{"line":20,"column":57}},"10":{"start":{"line":23,"column":2},"end":{"line":34,"column":3}},"11":{"start":{"line":24,"column":20},"end":{"line":24,"column":75}},"12":{"start":{"line":26,"column":4},"end":{"line":31,"column":5}},"13":{"start":{"line":27,"column":6},"end":{"line":27,"column":37}},"14":{"start":{"line":28,"column":6},"end":{"line":28,"column":13}},"15":{"start":{"line":30,"column":6},"end":{"line":30,"column":59}},"16":{"start":{"line":33,"column":4},"end":{"line":33,"column":60}}},"fnMap":{"0":{"name":"(anonymous_0)","decl":{"start":{"line":5,"column":20},"end":{"line":5,"column":21}},"loc":{"start":{"line":5,"column":72},"end":{"line":35,"column":1}}}},"branchMap":{"0":{"loc":{"start":{"line":8,"column":2},"end":{"line":10,"column":3}},"type":"if","locations":[{"start":{"line":8,"column":2},"end":{"line":10,"column":3}},{"start":{},"end":{}}]},"1":{"loc":{"start":{"line":14,"column":2},"end":{"line":16,"column":3}},"type":"if","locations":[{"start":{"line":14,"column":2},"end":{"line":16,"column":3}},{"start":{},"end":{}}]},"2":{"loc":{"start":{"line":18,"column":2},"end":{"line":21,"column":3}},"type":"if","locations":[{"start":{"line":18,"column":2},"end":{"line":21,"column":3}},{"start":{},"end":{}}]},"3":{"loc":{"start":{"line":26,"column":4},"end":{"line":31,"column":5}},"type":"if","locations":[{"start":{"line":26,"column":4},"end":{"line":31,"column":5}},{"start":{"line":29,"column":11},"end":{"line":31,"column":5}}]},"4":{"loc":{"start":{"line":26,"column":8},"end":{"line":26,"column":29}},"type":"binary-expr","locations":[{"start":{"line":26,"column":8},"end":{"line":26,"column":15}},{"start":{"line":26,"column":19},"end":{"line":26,"column":29}}]}},"s":{"0":2,"1":18,"2":18,"3":0,"4":18,"5":18,"6":0,"7":18,"8":0,"9":0,"10":18,"11":18,"12":18,"13":18,"14":18,"15":0,"16":0},"f":{"0":18},"b":{"0":[0,18],"1":[0,18],"2":[0,18],"3":[18,0],"4":[18,18]}}
,"/home/aqeel/mini-task-tracker/src/middlewares/validateResource.ts": {"path":"/home/aqeel/mini-task-tracker/src/middlewares/validateResource.ts","statementMap":{"0":{"start":{"line":6,"column":2},"end":{"line":21,"column":3}},"1":{"start":{"line":7,"column":2},"end":{"line":21,"column":3}},"2":{"start":{"line":8,"column":4},"end":{"line":20,"column":5}},"3":{"start":{"line":9,"column":6},"end":{"line":13,"column":9}},"4":{"start":{"line":14,"column":6},"end":{"line":14,"column":13}},"5":{"start":{"line":16,"column":6},"end":{"line":18,"column":7}},"6":{"start":{"line":17,"column":8},"end":{"line":17,"column":46}},"7":{"start":{"line":19,"column":6},"end":{"line":19,"column":53}}},"fnMap":{"0":{"name":"(anonymous_0)","decl":{"start":{"line":6,"column":2},"end":{"line":6,"column":3}},"loc":{"start":{"line":7,"column":2},"end":{"line":21,"column":3}}},"1":{"name":"(anonymous_1)","decl":{"start":{"line":7,"column":2},"end":{"line":7,"column":7}},"loc":{"start":{"line":7,"column":60},"end":{"line":21,"column":3}}}},"branchMap":{"0":{"loc":{"start":{"line":16,"column":6},"end":{"line":18,"column":7}},"type":"if","locations":[{"start":{"line":16,"column":6},"end":{"line":18,"column":7}},{"start":{},"end":{}}]}},"s":{"0":2,"1":10,"2":33,"3":33,"4":33,"5":0,"6":0,"7":0},"f":{"0":10,"1":33},"b":{"0":[0,0]}}
,"/home/aqeel/mini-task-tracker/src/models/task.model.ts": {"path":"/home/aqeel/mini-task-tracker/src/models/task.model.ts","statementMap":{"0":{"start":{"line":3,"column":0},"end":{"line":3,"column":null}},"1":{"start":{"line":4,"column":2},"end":{"line":4,"column":null}},"2":{"start":{"line":5,"column":2},"end":{"line":5,"column":null}},"3":{"start":{"line":18,"column":27},"end":{"line":35,"column":null}},"4":{"start":{"line":38,"column":0},"end":{"line":38,"column":null}}},"fnMap":{"0":{"name":"(anonymous_0)","decl":{"start":{"line":3,"column":0},"end":{"line":3,"column":6}},"loc":{"start":{"line":3,"column":22},"end":{"line":6,"column":1}}}},"branchMap":{"0":{"loc":{"start":{"line":3,"column":12},"end":{"line":3,"column":null}},"type":"binary-expr","locations":[{"start":{"line":3,"column":12},"end":{"line":3,"column":22}},{"start":{"line":3,"column":12},"end":{"line":3,"column":null}}]}},"s":{"0":2,"1":2,"2":2,"3":2,"4":2},"f":{"0":2},"b":{"0":[2,2]}}
,"/home/aqeel/mini-task-tracker/src/models/user.model.ts": {"path":"/home/aqeel/mini-task-tracker/src/models/user.model.ts","statementMap":{"0":{"start":{"line":12,"column":27},"end":{"line":18,"column":null}},"1":{"start":{"line":21,"column":0},"end":{"line":32,"column":3}},"2":{"start":{"line":22,"column":2},"end":{"line":24,"column":3}},"3":{"start":{"line":23,"column":4},"end":{"line":23,"column":11}},"4":{"start":{"line":26,"column":2},"end":{"line":31,"column":3}},"5":{"start":{"line":27,"column":17},"end":{"line":27,"column":41}},"6":{"start":{"line":28,"column":4},"end":{"line":28,"column":60}},"7":{"start":{"line":30,"column":4},"end":{"line":30,"column":null}},"8":{"start":{"line":34,"column":0},"end":{"line":43,"column":2}},"9":{"start":{"line":37,"column":4},"end":{"line":39,"column":5}},"10":{"start":{"line":38,"column":6},"end":{"line":38,"column":62}},"11":{"start":{"line":41,"column":20},"end":{"line":41,"column":74}},"12":{"start":{"line":42,"column":4},"end":{"line":42,"column":19}}},"fnMap":{"0":{"name":"(anonymous_0)","decl":{"start":{"line":21,"column":30},"end":{"line":21,"column":35}},"loc":{"start":{"line":21,"column":35},"end":{"line":32,"column":1}}},"1":{"name":"(anonymous_1)","decl":{"start":{"line":34,"column":37},"end":{"line":34,"column":42}},"loc":{"start":{"line":35,"column":27},"end":{"line":43,"column":1}}}},"branchMap":{"0":{"loc":{"start":{"line":22,"column":2},"end":{"line":24,"column":3}},"type":"if","locations":[{"start":{"line":22,"column":2},"end":{"line":24,"column":3}},{"start":{},"end":{}}]},"1":{"loc":{"start":{"line":37,"column":4},"end":{"line":39,"column":5}},"type":"if","locations":[{"start":{"line":37,"column":4},"end":{"line":39,"column":5}},{"start":{},"end":{}}]}},"s":{"0":2,"1":2,"2":9,"3":0,"4":9,"5":9,"6":9,"7":0,"8":2,"9":9,"10":0,"11":9,"12":9},"f":{"0":9,"1":9},"b":{"0":[0,9],"1":[0,9]}}
,"/home/aqeel/mini-task-tracker/src/routes/auth.routes.ts": {"path":"/home/aqeel/mini-task-tracker/src/routes/auth.routes.ts","statementMap":{"0":{"start":{"line":6,"column":15},"end":{"line":6,"column":23}},"1":{"start":{"line":8,"column":0},"end":{"line":8,"column":66}},"2":{"start":{"line":9,"column":0},"end":{"line":9,"column":59}}},"fnMap":{},"branchMap":{},"s":{"0":2,"1":2,"2":2},"f":{},"b":{}}
,"/home/aqeel/mini-task-tracker/src/routes/task.routes.ts": {"path":"/home/aqeel/mini-task-tracker/src/routes/task.routes.ts","statementMap":{"0":{"start":{"line":16,"column":15},"end":{"line":16,"column":23}},"1":{"start":{"line":18,"column":0},"end":{"line":18,"column":24}},"2":{"start":{"line":20,"column":0},"end":{"line":20,"column":33}},"3":{"start":{"line":22,"column":0},"end":{"line":22,"column":64}},"4":{"start":{"line":24,"column":0},"end":{"line":24,"column":66}},"5":{"start":{"line":26,"column":0},"end":{"line":26,"column":68}}},"fnMap":{},"branchMap":{},"s":{"0":2,"1":2,"2":2,"3":2,"4":2,"5":2},"f":{},"b":{}}
,"/home/aqeel/mini-task-tracker/src/schema/auth.schema.ts": {"path":"/home/aqeel/mini-task-tracker/src/schema/auth.schema.ts","statementMap":{"0":{"start":{"line":3,"column":30},"end":{"line":9,"column":2}},"1":{"start":{"line":11,"column":27},"end":{"line":16,"column":2}}},"fnMap":{},"branchMap":{},"s":{"0":2,"1":2},"f":{},"b":{}}
,"/home/aqeel/mini-task-tracker/src/schema/task.schema.ts": {"path":"/home/aqeel/mini-task-tracker/src/schema/task.schema.ts","statementMap":{"0":{"start":{"line":4,"column":15},"end":{"line":10,"column":2}},"1":{"start":{"line":12,"column":32},"end":{"line":18,"column":2}},"2":{"start":{"line":20,"column":32},"end":{"line":32,"column":2}},"3":{"start":{"line":29,"column":20},"end":{"line":29,"column":48}},"4":{"start":{"line":34,"column":31},"end":{"line":36,"column":2}}},"fnMap":{"0":{"name":"(anonymous_0)","decl":{"start":{"line":29,"column":12},"end":{"line":29,"column":16}},"loc":{"start":{"line":29,"column":20},"end":{"line":29,"column":48}}}},"branchMap":{},"s":{"0":2,"1":2,"2":2,"3":3,"4":2},"f":{"0":3},"b":{}}
,"/home/aqeel/mini-task-tracker/src/services/auth.service.ts": {"path":"/home/aqeel/mini-task-tracker/src/services/auth.service.ts","statementMap":{"0":{"start":{"line":19,"column":4},"end":{"line":21,"column":5}},"1":{"start":{"line":20,"column":6},"end":{"line":20,"column":76}},"2":{"start":{"line":23,"column":4},"end":{"line":25,"column":7}},"3":{"start":{"line":29,"column":38},"end":{"line":29,"column":42}},"4":{"start":{"line":31,"column":25},"end":{"line":31,"column":54}},"5":{"start":{"line":32,"column":4},"end":{"line":34,"column":5}},"6":{"start":{"line":33,"column":6},"end":{"line":33,"column":45}},"7":{"start":{"line":36,"column":17},"end":{"line":36,"column":61}},"8":{"start":{"line":38,"column":18},"end":{"line":38,"column":57}},"9":{"start":{"line":40,"column":4},"end":{"line":40,"column":27}},"10":{"start":{"line":44,"column":17},"end":{"line":44,"column":66}},"11":{"start":{"line":46,"column":4},"end":{"line":48,"column":5}},"12":{"start":{"line":47,"column":6},"end":{"line":47,"column":45}},"13":{"start":{"line":50,"column":20},"end":{"line":50,"column":56}},"14":{"start":{"line":51,"column":4},"end":{"line":53,"column":5}},"15":{"start":{"line":52,"column":6},"end":{"line":52,"column":45}},"16":{"start":{"line":55,"column":18},"end":{"line":55,"column":57}},"17":{"start":{"line":57,"column":20},"end":{"line":57,"column":35}},"18":{"start":{"line":58,"column":4},"end":{"line":58,"column":28}},"19":{"start":{"line":60,"column":4},"end":{"line":60,"column":36}},"20":{"start":{"line":64,"column":27},"end":{"line":64,"column":44}}},"fnMap":{"0":{"name":"(anonymous_0)","decl":{"start":{"line":18,"column":10},"end":{"line":18,"column":23}},"loc":{"start":{"line":18,"column":34},"end":{"line":26,"column":3}}},"1":{"name":"(anonymous_1)","decl":{"start":{"line":28,"column":2},"end":{"line":28,"column":7}},"loc":{"start":{"line":28,"column":36},"end":{"line":41,"column":3}}},"2":{"name":"(anonymous_2)","decl":{"start":{"line":43,"column":2},"end":{"line":43,"column":7}},"loc":{"start":{"line":43,"column":45},"end":{"line":61,"column":3}}}},"branchMap":{"0":{"loc":{"start":{"line":19,"column":4},"end":{"line":21,"column":5}},"type":"if","locations":[{"start":{"line":19,"column":4},"end":{"line":21,"column":5}},{"start":{},"end":{}}]},"1":{"loc":{"start":{"line":32,"column":4},"end":{"line":34,"column":5}},"type":"if","locations":[{"start":{"line":32,"column":4},"end":{"line":34,"column":5}},{"start":{},"end":{}}]},"2":{"loc":{"start":{"line":46,"column":4},"end":{"line":48,"column":5}},"type":"if","locations":[{"start":{"line":46,"column":4},"end":{"line":48,"column":5}},{"start":{},"end":{}}]},"3":{"loc":{"start":{"line":51,"column":4},"end":{"line":53,"column":5}},"type":"if","locations":[{"start":{"line":51,"column":4},"end":{"line":53,"column":5}},{"start":{},"end":{}}]}},"s":{"0":18,"1":0,"2":18,"3":9,"4":9,"5":9,"6":0,"7":9,"8":9,"9":9,"10":9,"11":9,"12":0,"13":9,"14":9,"15":0,"16":9,"17":9,"18":9,"19":9,"20":2},"f":{"0":18,"1":9,"2":9},"b":{"0":[0,18],"1":[0,9],"2":[0,9],"3":[0,9]}}
,"/home/aqeel/mini-task-tracker/src/services/task.service.ts": {"path":"/home/aqeel/mini-task-tracker/src/services/task.service.ts","statementMap":{"0":{"start":{"line":8,"column":25},"end":{"line":8,"column":89}},"1":{"start":{"line":9,"column":4},"end":{"line":9,"column":44}},"2":{"start":{"line":13,"column":20},"end":{"line":13,"column":38}},"3":{"start":{"line":14,"column":17},"end":{"line":14,"column":48}},"4":{"start":{"line":15,"column":4},"end":{"line":17,"column":5}},"5":{"start":{"line":16,"column":6},"end":{"line":16,"column":34}},"6":{"start":{"line":21,"column":17},"end":{"line":21,"column":62}},"7":{"start":{"line":22,"column":4},"end":{"line":22,"column":39}},"8":{"start":{"line":23,"column":4},"end":{"line":23,"column":16}},"9":{"start":{"line":27,"column":21},"end":{"line":27,"column":54}},"10":{"start":{"line":29,"column":23},"end":{"line":29,"column":54}},"11":{"start":{"line":30,"column":4},"end":{"line":32,"column":5}},"12":{"start":{"line":31,"column":6},"end":{"line":31,"column":36}},"13":{"start":{"line":34,"column":18},"end":{"line":34,"column":47}},"14":{"start":{"line":35,"column":18},"end":{"line":35,"column":64}},"15":{"start":{"line":37,"column":4},"end":{"line":37,"column":67}},"16":{"start":{"line":39,"column":4},"end":{"line":39,"column":17}},"17":{"start":{"line":43,"column":17},"end":{"line":46,"column":null}},"18":{"start":{"line":49,"column":4},"end":{"line":51,"column":5}},"19":{"start":{"line":50,"column":6},"end":{"line":50,"column":41}},"20":{"start":{"line":53,"column":4},"end":{"line":53,"column":16}},"21":{"start":{"line":57,"column":19},"end":{"line":57,"column":71}},"22":{"start":{"line":59,"column":4},"end":{"line":62,"column":5}},"23":{"start":{"line":60,"column":6},"end":{"line":60,"column":41}},"24":{"start":{"line":61,"column":6},"end":{"line":61,"column":18}},"25":{"start":{"line":63,"column":4},"end":{"line":63,"column":17}},"26":{"start":{"line":67,"column":27},"end":{"line":67,"column":44}}},"fnMap":{"0":{"name":"(anonymous_0)","decl":{"start":{"line":7,"column":10},"end":{"line":7,"column":21}},"loc":{"start":{"line":7,"column":55},"end":{"line":10,"column":3}}},"1":{"name":"(anonymous_1)","decl":{"start":{"line":12,"column":10},"end":{"line":12,"column":15}},"loc":{"start":{"line":12,"column":46},"end":{"line":18,"column":3}}},"2":{"name":"(anonymous_2)","decl":{"start":{"line":20,"column":2},"end":{"line":20,"column":7}},"loc":{"start":{"line":20,"column":55},"end":{"line":24,"column":3}}},"3":{"name":"(anonymous_3)","decl":{"start":{"line":26,"column":2},"end":{"line":26,"column":7}},"loc":{"start":{"line":26,"column":50},"end":{"line":40,"column":3}}},"4":{"name":"(anonymous_4)","decl":{"start":{"line":42,"column":2},"end":{"line":42,"column":7}},"loc":{"start":{"line":42,"column":71},"end":{"line":54,"column":3}}},"5":{"name":"(anonymous_5)","decl":{"start":{"line":56,"column":2},"end":{"line":56,"column":7}},"loc":{"start":{"line":56,"column":49},"end":{"line":64,"column":3}}}},"branchMap":{"0":{"loc":{"start":{"line":7,"column":38},"end":{"line":7,"column":55}},"type":"default-arg","locations":[{"start":{"line":7,"column":53},"end":{"line":7,"column":55}}]},"1":{"loc":{"start":{"line":8,"column":25},"end":{"line":8,"column":89}},"type":"cond-expr","locations":[{"start":{"line":8,"column":55},"end":{"line":8,"column":84}},{"start":{"line":8,"column":87},"end":{"line":8,"column":89}}]},"2":{"loc":{"start":{"line":15,"column":4},"end":{"line":17,"column":5}},"type":"if","locations":[{"start":{"line":15,"column":4},"end":{"line":17,"column":5}},{"start":{},"end":{}}]},"3":{"loc":{"start":{"line":26,"column":33},"end":{"line":26,"column":50}},"type":"default-arg","locations":[{"start":{"line":26,"column":48},"end":{"line":26,"column":50}}]},"4":{"loc":{"start":{"line":30,"column":4},"end":{"line":32,"column":5}},"type":"if","locations":[{"start":{"line":30,"column":4},"end":{"line":32,"column":5}},{"start":{},"end":{}}]},"5":{"loc":{"start":{"line":49,"column":4},"end":{"line":51,"column":5}},"type":"if","locations":[{"start":{"line":49,"column":4},"end":{"line":51,"column":5}},{"start":{},"end":{}}]},"6":{"loc":{"start":{"line":59,"column":4},"end":{"line":62,"column":5}},"type":"if","locations":[{"start":{"line":59,"column":4},"end":{"line":62,"column":5}},{"start":{},"end":{}}]}},"s":{"0":3,"1":3,"2":15,"3":15,"4":15,"5":0,"6":10,"7":10,"8":10,"9":3,"10":3,"11":3,"12":0,"13":3,"14":3,"15":3,"16":3,"17":3,"18":3,"19":3,"20":3,"21":2,"22":2,"23":2,"24":2,"25":0,"26":2},"f":{"0":3,"1":15,"2":10,"3":3,"4":3,"5":2},"b":{"0":[0],"1":[1,2],"2":[0,15],"3":[0],"4":[0,3],"5":[3,0],"6":[2,0]}}
,"/home/aqeel/mini-task-tracker/src/tests/db.ts": {"path":"/home/aqeel/mini-task-tracker/src/tests/db.ts","statementMap":{"0":{"start":{"line":6,"column":23},"end":{"line":14,"column":1}},"1":{"start":{"line":7,"column":2},"end":{"line":7,"column":51}},"2":{"start":{"line":7,"column":44},"end":{"line":7,"column":51}},"3":{"start":{"line":8,"column":2},"end":{"line":8,"column":49}},"4":{"start":{"line":10,"column":2},"end":{"line":10,"column":49}},"5":{"start":{"line":11,"column":14},"end":{"line":11,"column":34}},"6":{"start":{"line":13,"column":2},"end":{"line":13,"column":30}},"7":{"start":{"line":16,"column":29},"end":{"line":24,"column":1}},"8":{"start":{"line":17,"column":22},"end":{"line":17,"column":53}},"9":{"start":{"line":18,"column":2},"end":{"line":23,"column":3}},"10":{"start":{"line":19,"column":23},"end":{"line":19,"column":39}},"11":{"start":{"line":20,"column":4},"end":{"line":20,"column":29}},"12":{"start":{"line":20,"column":20},"end":{"line":20,"column":29}},"13":{"start":{"line":22,"column":4},"end":{"line":22,"column":36}},"14":{"start":{"line":26,"column":29},"end":{"line":30,"column":1}},"15":{"start":{"line":27,"column":2},"end":{"line":27,"column":43}},"16":{"start":{"line":28,"column":2},"end":{"line":28,"column":36}},"17":{"start":{"line":29,"column":2},"end":{"line":29,"column":27}}},"fnMap":{"0":{"name":"(anonymous_0)","decl":{"start":{"line":6,"column":23},"end":{"line":6,"column":28}},"loc":{"start":{"line":6,"column":34},"end":{"line":14,"column":1}}},"1":{"name":"(anonymous_1)","decl":{"start":{"line":16,"column":29},"end":{"line":16,"column":34}},"loc":{"start":{"line":16,"column":40},"end":{"line":24,"column":1}}},"2":{"name":"(anonymous_2)","decl":{"start":{"line":26,"column":29},"end":{"line":26,"column":34}},"loc":{"start":{"line":26,"column":40},"end":{"line":30,"column":1}}}},"branchMap":{"0":{"loc":{"start":{"line":7,"column":2},"end":{"line":7,"column":51}},"type":"if","locations":[{"start":{"line":7,"column":2},"end":{"line":7,"column":51}},{"start":{},"end":{}}]},"1":{"loc":{"start":{"line":20,"column":4},"end":{"line":20,"column":29}},"type":"if","locations":[{"start":{"line":20,"column":4},"end":{"line":20,"column":29}},{"start":{},"end":{}}]}},"s":{"0":2,"1":2,"2":0,"3":2,"4":2,"5":2,"6":2,"7":2,"8":9,"9":9,"10":18,"11":18,"12":0,"13":18,"14":2,"15":2,"16":2,"17":2},"f":{"0":2,"1":9,"2":2},"b":{"0":[0,2],"1":[0,18]}}
}
