TN:
SF:src/app.ts
FN:13,(anonymous_0)
FN:15,(anonymous_1)
FNF:2
FNH:0
FNDA:0,(anonymous_0)
FNDA:0,(anonymous_1)
DA:7,2
DA:9,2
DA:10,2
DA:12,2
DA:13,2
DA:14,2
DA:15,2
DA:16,0
DA:17,0
DA:18,0
LF:10
LH:7
BRF:0
BRH:0
end_of_record
TN:
SF:src/controllers/auth.controller.ts
FN:4,(anonymous_0)
FN:15,(anonymous_1)
FNF:2
FNH:2
FNDA:9,(anonymous_0)
FNDA:9,(anonymous_1)
DA:4,2
DA:5,9
DA:6,9
DA:7,9
DA:10,0
DA:11,0
DA:15,2
DA:16,9
DA:17,9
DA:18,9
DA:20,9
DA:23,0
DA:24,0
LF:13
LH:9
BRDA:10,0,0,0
BRDA:10,0,1,0
BRDA:23,1,0,0
BRDA:23,1,1,0
BRF:4
BRH:0
end_of_record
TN:
SF:src/controllers/task.controller.ts
FN:5,(anonymous_0)
FN:21,(anonymous_1)
FN:38,(anonymous_2)
FN:58,(anonymous_3)
FNF:4
FNH:4
FNDA:10,(anonymous_0)
FNDA:3,(anonymous_1)
FNDA:3,(anonymous_2)
FNDA:2,(anonymous_3)
DA:5,2
DA:9,10
DA:11,10
DA:13,10
DA:15,10
DA:17,0
DA:21,2
DA:22,3
DA:23,3
DA:25,3
DA:26,3
DA:27,1
DA:30,3
DA:32,3
DA:34,0
DA:38,2
DA:42,3
DA:43,3
DA:44,3
DA:46,3
DA:48,3
DA:49,0
DA:52,3
DA:54,0
DA:58,2
DA:59,2
DA:60,2
DA:61,2
DA:63,2
DA:65,2
DA:66,0
DA:69,2
DA:71,0
LF:33
LH:27
BRDA:26,0,0,1
BRDA:26,0,1,2
BRDA:48,1,0,0
BRDA:48,1,1,3
BRDA:65,2,0,0
BRDA:65,2,1,2
BRF:6
BRH:4
end_of_record
TN:
SF:src/middlewares/requireUser.ts
FN:5,(anonymous_0)
FNF:1
FNH:1
FNDA:18,(anonymous_0)
DA:5,2
DA:6,18
DA:8,18
DA:9,0
DA:12,18
DA:14,18
DA:15,0
DA:18,18
DA:19,0
DA:20,0
DA:23,18
DA:24,18
DA:26,18
DA:27,18
DA:28,18
DA:30,0
DA:33,0
LF:17
LH:11
BRDA:8,0,0,0
BRDA:8,0,1,18
BRDA:14,1,0,0
BRDA:14,1,1,18
BRDA:18,2,0,0
BRDA:18,2,1,18
BRDA:26,3,0,18
BRDA:26,3,1,0
BRDA:26,4,0,18
BRDA:26,4,1,18
BRF:10
BRH:6
end_of_record
TN:
SF:src/middlewares/validateResource.ts
FN:6,(anonymous_0)
FN:7,(anonymous_1)
FNF:2
FNH:2
FNDA:10,(anonymous_0)
FNDA:33,(anonymous_1)
DA:6,2
DA:7,10
DA:8,33
DA:9,33
DA:14,33
DA:16,0
DA:17,0
DA:19,0
LF:8
LH:5
BRDA:16,0,0,0
BRDA:16,0,1,0
BRF:2
BRH:0
end_of_record
TN:
SF:src/models/task.model.ts
FN:3,(anonymous_0)
FNF:1
FNH:1
FNDA:2,(anonymous_0)
DA:3,2
DA:4,2
DA:5,2
DA:18,2
DA:38,2
LF:5
LH:5
BRDA:3,0,0,2
BRDA:3,0,1,2
BRF:2
BRH:2
end_of_record
TN:
SF:src/models/user.model.ts
FN:21,(anonymous_0)
FN:34,(anonymous_1)
FNF:2
FNH:2
FNDA:9,(anonymous_0)
FNDA:9,(anonymous_1)
DA:12,2
DA:21,2
DA:22,9
DA:23,0
DA:26,9
DA:27,9
DA:28,9
DA:30,0
DA:34,2
DA:37,9
DA:38,0
DA:41,9
DA:42,9
LF:13
LH:10
BRDA:22,0,0,0
BRDA:22,0,1,9
BRDA:37,1,0,0
BRDA:37,1,1,9
BRF:4
BRH:2
end_of_record
TN:
SF:src/routes/auth.routes.ts
FNF:0
FNH:0
DA:6,2
DA:8,2
DA:9,2
LF:3
LH:3
BRF:0
BRH:0
end_of_record
TN:
SF:src/routes/task.routes.ts
FNF:0
FNH:0
DA:16,2
DA:18,2
DA:20,2
DA:22,2
DA:24,2
DA:26,2
LF:6
LH:6
BRF:0
BRH:0
end_of_record
TN:
SF:src/schema/auth.schema.ts
FNF:0
FNH:0
DA:3,2
DA:11,2
LF:2
LH:2
BRF:0
BRH:0
end_of_record
TN:
SF:src/schema/task.schema.ts
FN:29,(anonymous_0)
FNF:1
FNH:1
FNDA:3,(anonymous_0)
DA:4,2
DA:12,2
DA:20,2
DA:29,3
DA:34,2
LF:5
LH:5
BRF:0
BRH:0
end_of_record
TN:
SF:src/services/auth.service.ts
FN:18,(anonymous_0)
FN:28,(anonymous_1)
FN:43,(anonymous_2)
FNF:3
FNH:3
FNDA:18,(anonymous_0)
FNDA:9,(anonymous_1)
FNDA:9,(anonymous_2)
DA:19,18
DA:20,0
DA:23,18
DA:29,9
DA:31,9
DA:32,9
DA:33,0
DA:36,9
DA:38,9
DA:40,9
DA:44,9
DA:46,9
DA:47,0
DA:50,9
DA:51,9
DA:52,0
DA:55,9
DA:57,9
DA:58,9
DA:60,9
DA:64,2
LF:21
LH:17
BRDA:19,0,0,0
BRDA:19,0,1,18
BRDA:32,1,0,0
BRDA:32,1,1,9
BRDA:46,2,0,0
BRDA:46,2,1,9
BRDA:51,3,0,0
BRDA:51,3,1,9
BRF:8
BRH:4
end_of_record
TN:
SF:src/services/task.service.ts
FN:7,(anonymous_0)
FN:12,(anonymous_1)
FN:20,(anonymous_2)
FN:26,(anonymous_3)
FN:42,(anonymous_4)
FN:56,(anonymous_5)
FNF:6
FNH:6
FNDA:3,(anonymous_0)
FNDA:15,(anonymous_1)
FNDA:10,(anonymous_2)
FNDA:3,(anonymous_3)
FNDA:3,(anonymous_4)
FNDA:2,(anonymous_5)
DA:8,3
DA:9,3
DA:13,15
DA:14,15
DA:15,15
DA:16,0
DA:21,10
DA:22,10
DA:23,10
DA:27,3
DA:29,3
DA:30,3
DA:31,0
DA:34,3
DA:35,3
DA:37,3
DA:39,3
DA:43,3
DA:49,3
DA:50,3
DA:53,3
DA:57,2
DA:59,2
DA:60,2
DA:61,2
DA:63,0
DA:67,2
LF:27
LH:24
BRDA:7,0,0,0
BRDA:8,1,0,1
BRDA:8,1,1,2
BRDA:15,2,0,0
BRDA:15,2,1,15
BRDA:26,3,0,0
BRDA:30,4,0,0
BRDA:30,4,1,3
BRDA:49,5,0,3
BRDA:49,5,1,0
BRDA:59,6,0,2
BRDA:59,6,1,0
BRF:12
BRH:6
end_of_record
TN:
SF:src/tests/db.ts
FN:6,(anonymous_0)
FN:16,(anonymous_1)
FN:26,(anonymous_2)
FNF:3
FNH:3
FNDA:2,(anonymous_0)
FNDA:9,(anonymous_1)
FNDA:2,(anonymous_2)
DA:6,2
DA:7,2
DA:8,2
DA:10,2
DA:11,2
DA:13,2
DA:16,2
DA:17,9
DA:18,9
DA:19,18
DA:20,18
DA:22,18
DA:26,2
DA:27,2
DA:28,2
DA:29,2
LF:16
LH:16
BRDA:7,0,0,0
BRDA:7,0,1,2
BRDA:20,1,0,0
BRDA:20,1,1,18
BRF:4
BRH:2
end_of_record
